Initialized native services in: C:\Users\arotiana.randrianaso\.gradle\native
Initialized jansi services in: C:\Users\arotiana.randrianaso\.gradle\native
The client will now receive all logging from the daemon (pid: 4128). The daemon log file: C:\Users\arotiana.randrianaso\.gradle\daemon\9.0.0\daemon-4128.out.log
Starting 10th build in daemon [uptime: 21 mins 5.831 secs, performance: 100%, GC rate: 0.00/s, heap usage: 0% of 2 GiB, non-heap usage: 25% of 512 MiB]
Using 20 worker leases.
Now considering [C:\Users\arotiana.randrianaso\MockProjects\SmartBaibolyYarn\android, C:\Users\arotiana.randrianaso\MockProjects\SmartBaibolyYarn\node_modules\@react-native\gradle-plugin] as hierarchies to watch
Watching the file system is configured to be enabled if available
File system watching is active
Starting Build
Now considering [C:\Users\arotiana.randrianaso\MockProjects\SmartBaibolyYarn\node_modules\@react-native\gradle-plugin, C:\Users\arotiana.randrianaso\MockProjects\SmartBaibolyYarn\android] as hierarchies to watch
Resolved plugin [id: 'org.gradle.toolchains.foojay-resolver-convention', version: '0.5.0']

> Configure project :gradle-plugin
Evaluating project ':gradle-plugin' using build file 'C:\Users\arotiana.randrianaso\MockProjects\SmartBaibolyYarn\node_modules\@react-native\gradle-plugin\build.gradle.kts'.
Resolved plugin [id: 'org.jetbrains.kotlin.jvm', version: '2.1.20', apply: false]
Resolved plugin [id: 'com.ncorti.ktfmt.gradle', version: '0.22.0']

> Configure project :gradle-plugin:react-native-gradle-plugin
Evaluating project ':gradle-plugin:react-native-gradle-plugin' using build file 'C:\Users\arotiana.randrianaso\MockProjects\SmartBaibolyYarn\node_modules\@react-native\gradle-plugin\react-native-gradle-plugin\build.gradle.kts'.
Resolved plugin [id: 'org.jetbrains.kotlin.jvm', version: '2.1.20']
Resolved plugin [id: 'com.ncorti.ktfmt.gradle', version: '0.22.0']
Resolved plugin [id: 'java-gradle-plugin']
Build ca38ea78-4527-4040-895e-efb480a7fb5c is started
Using Kotlin Gradle Plugin gradle85 variant
kotlin scripting plugin: created the scripting discovery configuration: kotlinScriptDef
kotlin scripting plugin: created the scripting discovery configuration: testKotlinScriptDef

> Configure project :gradle-plugin:settings-plugin
Evaluating project ':gradle-plugin:settings-plugin' using build file 'C:\Users\arotiana.randrianaso\MockProjects\SmartBaibolyYarn\node_modules\@react-native\gradle-plugin\settings-plugin\build.gradle.kts'.
Resolved plugin [id: 'org.jetbrains.kotlin.jvm', version: '2.1.20']
Resolved plugin [id: 'com.ncorti.ktfmt.gradle', version: '0.22.0']
Resolved plugin [id: 'java-gradle-plugin']
Using Kotlin Gradle Plugin gradle85 variant
kotlin scripting plugin: created the scripting discovery configuration: kotlinScriptDef
kotlin scripting plugin: created the scripting discovery configuration: testKotlinScriptDef

> Configure project :gradle-plugin:shared
Evaluating project ':gradle-plugin:shared' using build file 'C:\Users\arotiana.randrianaso\MockProjects\SmartBaibolyYarn\node_modules\@react-native\gradle-plugin\shared\build.gradle.kts'.
Resolved plugin [id: 'org.jetbrains.kotlin.jvm', version: '2.1.20']
Resolved plugin [id: 'com.ncorti.ktfmt.gradle', version: '0.22.0']
Using Kotlin Gradle Plugin gradle85 variant
kotlin scripting plugin: created the scripting discovery configuration: kotlinScriptDef
kotlin scripting plugin: created the scripting discovery configuration: testKotlinScriptDef

> Configure project :gradle-plugin:shared-testutil
Evaluating project ':gradle-plugin:shared-testutil' using build file 'C:\Users\arotiana.randrianaso\MockProjects\SmartBaibolyYarn\node_modules\@react-native\gradle-plugin\shared-testutil\build.gradle.kts'.
Resolved plugin [id: 'org.jetbrains.kotlin.jvm', version: '2.1.20']
Resolved plugin [id: 'com.ncorti.ktfmt.gradle', version: '0.22.0']
Using Kotlin Gradle Plugin gradle85 variant
kotlin scripting plugin: created the scripting discovery configuration: kotlinScriptDef
kotlin scripting plugin: created the scripting discovery configuration: testKotlinScriptDef
Resolved plugin [id: 'com.facebook.react.settings']
Resolve mutations for :gradle-plugin:settings-plugin:checkKotlinGradlePluginConfigurationErrors (Thread[Execution worker,5,main]) started.
:gradle-plugin:settings-plugin:checkKotlinGradlePluginConfigurationErrors (Thread[Execution worker,5,main]) started.

> Task :gradle-plugin:settings-plugin:checkKotlinGradlePluginConfigurationErrors SKIPPED
Skipping task ':gradle-plugin:settings-plugin:checkKotlinGradlePluginConfigurationErrors' as task onlyIf 'errorDiagnostics are present' is false.
Resolve mutations for :gradle-plugin:shared:checkKotlinGradlePluginConfigurationErrors (Thread[Execution worker,5,main]) started.
:gradle-plugin:shared:checkKotlinGradlePluginConfigurationErrors (Thread[Execution worker Thread 11,5,main]) started.

> Task :gradle-plugin:shared:checkKotlinGradlePluginConfigurationErrors SKIPPED
Skipping task ':gradle-plugin:shared:checkKotlinGradlePluginConfigurationErrors' as task onlyIf 'errorDiagnostics are present' is false.
Resolve mutations for :gradle-plugin:shared:compileKotlin (Thread[Execution worker Thread 11,5,main]) started.
:gradle-plugin:shared:compileKotlin (Thread[Execution worker Thread 11,5,main]) started.

> Task :gradle-plugin:shared:compileKotlin UP-TO-DATE
Caching disabled for task ':gradle-plugin:shared:compileKotlin' because:
  Build cache is disabled
Skipping task ':gradle-plugin:shared:compileKotlin' as it is up-to-date.
Resolve mutations for :gradle-plugin:shared:compileJava (Thread[Execution worker Thread 11,5,main]) started.
:gradle-plugin:shared:compileJava (Thread[Execution worker Thread 11,5,main]) started.

> Task :gradle-plugin:shared:compileJava NO-SOURCE
Skipping task ':gradle-plugin:shared:compileJava' as it has no source files and no previous output files.
Resolve mutations for :gradle-plugin:shared:processResources (Thread[Execution worker Thread 11,5,main]) started.
:gradle-plugin:shared:processResources (Thread[Execution worker Thread 11,5,main]) started.

> Task :gradle-plugin:shared:processResources NO-SOURCE
Skipping task ':gradle-plugin:shared:processResources' as it has no source files and no previous output files.
Resolve mutations for :gradle-plugin:shared:classes (Thread[Execution worker Thread 11,5,main]) started.
:gradle-plugin:shared:classes (Thread[Execution worker Thread 11,5,main]) started.

> Task :gradle-plugin:shared:classes UP-TO-DATE
Skipping task ':gradle-plugin:shared:classes' as it has no actions.
Resolve mutations for :gradle-plugin:shared:jar (Thread[Execution worker Thread 14,5,main]) started.
:gradle-plugin:shared:jar (Thread[Execution worker Thread 14,5,main]) started.

> Task :gradle-plugin:shared:jar UP-TO-DATE
Caching disabled for task ':gradle-plugin:shared:jar' because:
  Build cache is disabled
  Not worth caching
Skipping task ':gradle-plugin:shared:jar' as it is up-to-date.
work action resolve shared.jar (project :gradle-plugin:shared) (Thread[Execution worker Thread 14,5,main]) started.
Resolve mutations for :gradle-plugin:settings-plugin:compileKotlin (Thread[Execution worker Thread 14,5,main]) started.
:gradle-plugin:settings-plugin:compileKotlin (Thread[Execution worker Thread 14,5,main]) started.

> Task :gradle-plugin:settings-plugin:compileKotlin UP-TO-DATE
Caching disabled for task ':gradle-plugin:settings-plugin:compileKotlin' because:
  Build cache is disabled
Skipping task ':gradle-plugin:settings-plugin:compileKotlin' as it is up-to-date.
Resolve mutations for :gradle-plugin:settings-plugin:compileJava (Thread[Execution worker Thread 14,5,main]) started.
:gradle-plugin:settings-plugin:compileJava (Thread[Execution worker Thread 14,5,main]) started.

> Task :gradle-plugin:settings-plugin:compileJava NO-SOURCE
Skipping task ':gradle-plugin:settings-plugin:compileJava' as it has no source files and no previous output files.
Resolve mutations for :gradle-plugin:settings-plugin:pluginDescriptors (Thread[Execution worker Thread 14,5,main]) started.
:gradle-plugin:settings-plugin:pluginDescriptors (Thread[Execution worker Thread 14,5,main]) started.

> Task :gradle-plugin:settings-plugin:pluginDescriptors UP-TO-DATE
Caching disabled for task ':gradle-plugin:settings-plugin:pluginDescriptors' because:
  Build cache is disabled
  Not worth caching
Skipping task ':gradle-plugin:settings-plugin:pluginDescriptors' as it is up-to-date.
Resolve mutations for :gradle-plugin:settings-plugin:processResources (Thread[Execution worker Thread 14,5,main]) started.
:gradle-plugin:settings-plugin:processResources (Thread[Execution worker Thread 18,5,main]) started.

> Task :gradle-plugin:settings-plugin:processResources UP-TO-DATE
Caching disabled for task ':gradle-plugin:settings-plugin:processResources' because:
  Build cache is disabled
  Not worth caching
Skipping task ':gradle-plugin:settings-plugin:processResources' as it is up-to-date.
Resolve mutations for :gradle-plugin:settings-plugin:classes (Thread[Execution worker Thread 18,5,main]) started.
:gradle-plugin:settings-plugin:classes (Thread[Execution worker Thread 18,5,main]) started.

> Task :gradle-plugin:settings-plugin:classes UP-TO-DATE
Skipping task ':gradle-plugin:settings-plugin:classes' as it has no actions.
Resolve mutations for :gradle-plugin:settings-plugin:jar (Thread[Execution worker Thread 15,5,main]) started.
:gradle-plugin:settings-plugin:jar (Thread[Execution worker Thread 15,5,main]) started.

> Task :gradle-plugin:settings-plugin:jar UP-TO-DATE
Caching disabled for task ':gradle-plugin:settings-plugin:jar' because:
  Build cache is disabled
  Not worth caching
Skipping task ':gradle-plugin:settings-plugin:jar' as it is up-to-date.
Settings evaluated using settings file 'C:\Users\arotiana.randrianaso\MockProjects\SmartBaibolyYarn\android\settings.gradle'.
Projects loaded. Root project using build file 'C:\Users\arotiana.randrianaso\MockProjects\SmartBaibolyYarn\android\build.gradle'.
Included projects: [root project 'SmartBaibolyYarn', project ':app', project ':react-native-async-storage_async-storage', project ':react-native-fs', project ':react-native-gesture-handler', project ':react-native-quick-sqlite', project ':react-native-safe-area-context', project ':react-native-screens']
Registering project ':gradle-plugin' in composite build. Will substitute for module ':gradle-plugin-root'.
Registering project ':gradle-plugin:react-native-gradle-plugin' in composite build. Will substitute for module 'com.facebook.react:react-native-gradle-plugin'.
Registering project ':gradle-plugin:settings-plugin' in composite build. Will substitute for module 'com.facebook.react:settings-plugin'.
Registering project ':gradle-plugin:shared' in composite build. Will substitute for module 'com.facebook.react:shared'.
Registering project ':gradle-plugin:shared-testutil' in composite build. Will substitute for module 'com.facebook.react:shared-testutil'.
Resolve mutations for :gradle-plugin:react-native-gradle-plugin:checkKotlinGradlePluginConfigurationErrors (Thread[Execution worker Thread 18,5,main]) started.
:gradle-plugin:react-native-gradle-plugin:checkKotlinGradlePluginConfigurationErrors (Thread[Execution worker Thread 18,5,main]) started.

> Task :gradle-plugin:react-native-gradle-plugin:checkKotlinGradlePluginConfigurationErrors SKIPPED
Skipping task ':gradle-plugin:react-native-gradle-plugin:checkKotlinGradlePluginConfigurationErrors' as task onlyIf 'errorDiagnostics are present' is false.
Resolve mutations for :gradle-plugin:react-native-gradle-plugin:compileKotlin (Thread[Execution worker Thread 18,5,main]) started.
:gradle-plugin:react-native-gradle-plugin:compileKotlin (Thread[Execution worker Thread 18,5,main]) started.

> Task :gradle-plugin:react-native-gradle-plugin:compileKotlin UP-TO-DATE
Caching disabled for task ':gradle-plugin:react-native-gradle-plugin:compileKotlin' because:
  Build cache is disabled
Skipping task ':gradle-plugin:react-native-gradle-plugin:compileKotlin' as it is up-to-date.
Resolve mutations for :gradle-plugin:react-native-gradle-plugin:compileJava (Thread[Execution worker Thread 18,5,main]) started.
:gradle-plugin:react-native-gradle-plugin:compileJava (Thread[Execution worker Thread 18,5,main]) started.

> Task :gradle-plugin:react-native-gradle-plugin:compileJava NO-SOURCE
Skipping task ':gradle-plugin:react-native-gradle-plugin:compileJava' as it has no source files and no previous output files.
Resolve mutations for :gradle-plugin:react-native-gradle-plugin:pluginDescriptors (Thread[Execution worker Thread 18,5,main]) started.
:gradle-plugin:react-native-gradle-plugin:pluginDescriptors (Thread[Execution worker Thread 18,5,main]) started.

> Task :gradle-plugin:react-native-gradle-plugin:pluginDescriptors UP-TO-DATE
Caching disabled for task ':gradle-plugin:react-native-gradle-plugin:pluginDescriptors' because:
  Build cache is disabled
  Not worth caching
Skipping task ':gradle-plugin:react-native-gradle-plugin:pluginDescriptors' as it is up-to-date.
Resolve mutations for :gradle-plugin:react-native-gradle-plugin:processResources (Thread[Execution worker Thread 18,5,main]) started.
:gradle-plugin:react-native-gradle-plugin:processResources (Thread[Execution worker Thread 9,5,main]) started.

> Task :gradle-plugin:react-native-gradle-plugin:processResources UP-TO-DATE
Caching disabled for task ':gradle-plugin:react-native-gradle-plugin:processResources' because:
  Build cache is disabled
  Not worth caching
Skipping task ':gradle-plugin:react-native-gradle-plugin:processResources' as it is up-to-date.
Resolve mutations for :gradle-plugin:react-native-gradle-plugin:classes (Thread[Execution worker Thread 9,5,main]) started.
:gradle-plugin:react-native-gradle-plugin:classes (Thread[Execution worker Thread 9,5,main]) started.

> Task :gradle-plugin:react-native-gradle-plugin:classes UP-TO-DATE
Skipping task ':gradle-plugin:react-native-gradle-plugin:classes' as it has no actions.
Resolve mutations for :gradle-plugin:react-native-gradle-plugin:jar (Thread[Execution worker Thread 12,5,main]) started.
:gradle-plugin:react-native-gradle-plugin:jar (Thread[Execution worker Thread 12,5,main]) started.

> Task :gradle-plugin:react-native-gradle-plugin:jar UP-TO-DATE
Caching disabled for task ':gradle-plugin:react-native-gradle-plugin:jar' because:
  Build cache is disabled
  Not worth caching
Skipping task ':gradle-plugin:react-native-gradle-plugin:jar' as it is up-to-date.

> Configure project :app
Evaluating project ':app' using build file 'C:\Users\arotiana.randrianaso\MockProjects\SmartBaibolyYarn\android\app\build.gradle'.
Using default execution profile
Build 988fcec4-f9cf-441d-8fc1-7a5e670c0ada is started
Using Kotlin Gradle Plugin gradle85 variant
C/C++: android.ndkVersion from module build.gradle is [27.1.12297006]
C/C++: android.ndkPath from module build.gradle is not set
C/C++: ndk.dir in local.properties is not set
C/C++: Not considering ANDROID_NDK_HOME because support was removed after deprecation period.
C/C++: sdkFolder is C:\Users\arotiana.randrianaso\AppData\Local\Android\Sdk
C/C++: android.ndkVersion from module build.gradle is [27.1.12297006]
C/C++: android.ndkPath from module build.gradle is not set
C/C++: ndk.dir in local.properties is not set
C/C++: Not considering ANDROID_NDK_HOME because support was removed after deprecation period.
C/C++: sdkFolder is C:\Users\arotiana.randrianaso\AppData\Local\Android\Sdk
C/C++: android.ndkVersion from module build.gradle is [27.1.12297006]
C/C++: android.ndkPath from module build.gradle is not set
C/C++: ndk.dir in local.properties is not set
C/C++: Not considering ANDROID_NDK_HOME because support was removed after deprecation period.
C/C++: sdkFolder is C:\Users\arotiana.randrianaso\AppData\Local\Android\Sdk
C/C++: android.ndkVersion from module build.gradle is [27.1.12297006]
C/C++: android.ndkPath from module build.gradle is not set
C/C++: ndk.dir in local.properties is not set
C/C++: Not considering ANDROID_NDK_HOME because support was removed after deprecation period.
C/C++: sdkFolder is C:\Users\arotiana.randrianaso\AppData\Local\Android\Sdk
C/C++: android.ndkVersion from module build.gradle is [27.1.12297006]
C/C++: android.ndkPath from module build.gradle is not set
C/C++: ndk.dir in local.properties is not set
C/C++: Not considering ANDROID_NDK_HOME because support was removed after deprecation period.
C/C++: sdkFolder is C:\Users\arotiana.randrianaso\AppData\Local\Android\Sdk
C/C++: android.ndkVersion from module build.gradle is [27.1.12297006]
C/C++: android.ndkPath from module build.gradle is not set
C/C++: ndk.dir in local.properties is not set
C/C++: Not considering ANDROID_NDK_HOME because support was removed after deprecation period.
C/C++: sdkFolder is C:\Users\arotiana.randrianaso\AppData\Local\Android\Sdk
C/C++: android.ndkVersion from module build.gradle is [27.1.12297006]
C/C++: android.ndkPath from module build.gradle is not set
C/C++: ndk.dir in local.properties is not set
C/C++: Not considering ANDROID_NDK_HOME because support was removed after deprecation period.
C/C++: sdkFolder is C:\Users\arotiana.randrianaso\AppData\Local\Android\Sdk
C/C++: android.ndkVersion from module build.gradle is [27.1.12297006]
C/C++: android.ndkPath from module build.gradle is not set
C/C++: ndk.dir in local.properties is not set
C/C++: Not considering ANDROID_NDK_HOME because support was removed after deprecation period.
C/C++: sdkFolder is C:\Users\arotiana.randrianaso\AppData\Local\Android\Sdk
C/C++: android.ndkVersion from module build.gradle is [27.1.12297006]
C/C++: android.ndkPath from module build.gradle is not set
C/C++: ndk.dir in local.properties is not set
C/C++: Not considering ANDROID_NDK_HOME because support was removed after deprecation period.
C/C++: sdkFolder is C:\Users\arotiana.randrianaso\AppData\Local\Android\Sdk
C/C++: android.ndkVersion from module build.gradle is [27.1.12297006]
C/C++: android.ndkPath from module build.gradle is not set
C/C++: ndk.dir in local.properties is not set
C/C++: Not considering ANDROID_NDK_HOME because support was removed after deprecation period.
C/C++: sdkFolder is C:\Users\arotiana.randrianaso\AppData\Local\Android\Sdk
C/C++: android.ndkVersion from module build.gradle is [27.1.12297006]
C/C++: android.ndkPath from module build.gradle is not set
C/C++: ndk.dir in local.properties is not set
C/C++: Not considering ANDROID_NDK_HOME because support was removed after deprecation period.
C/C++: sdkFolder is C:\Users\arotiana.randrianaso\AppData\Local\Android\Sdk
C/C++: android.ndkVersion from module build.gradle is [27.1.12297006]
C/C++: android.ndkPath from module build.gradle is not set
C/C++: ndk.dir in local.properties is not set
C/C++: Not considering ANDROID_NDK_HOME because support was removed after deprecation period.
C/C++: sdkFolder is C:\Users\arotiana.randrianaso\AppData\Local\Android\Sdk
C/C++: android.ndkVersion from module build.gradle is [27.1.12297006]
C/C++: android.ndkPath from module build.gradle is not set
C/C++: ndk.dir in local.properties is not set
C/C++: Not considering ANDROID_NDK_HOME because support was removed after deprecation period.
C/C++: sdkFolder is C:\Users\arotiana.randrianaso\AppData\Local\Android\Sdk
C/C++: android.ndkVersion from module build.gradle is [27.1.12297006]
C/C++: android.ndkPath from module build.gradle is not set
C/C++: ndk.dir in local.properties is not set
C/C++: Not considering ANDROID_NDK_HOME because support was removed after deprecation period.
C/C++: sdkFolder is C:\Users\arotiana.randrianaso\AppData\Local\Android\Sdk
C/C++: android.ndkVersion from module build.gradle is [27.1.12297006]
C/C++: android.ndkPath from module build.gradle is not set
C/C++: ndk.dir in local.properties is not set
C/C++: Not considering ANDROID_NDK_HOME because support was removed after deprecation period.
C/C++: sdkFolder is C:\Users\arotiana.randrianaso\AppData\Local\Android\Sdk
C/C++: android.ndkVersion from module build.gradle is [27.1.12297006]
C/C++: android.ndkPath from module build.gradle is not set
C/C++: ndk.dir in local.properties is not set
C/C++: Not considering ANDROID_NDK_HOME because support was removed after deprecation period.
C/C++: sdkFolder is C:\Users\arotiana.randrianaso\AppData\Local\Android\Sdk
C/C++: android.ndkVersion from module build.gradle is [27.1.12297006]
C/C++: android.ndkPath from module build.gradle is not set
C/C++: ndk.dir in local.properties is not set
C/C++: Not considering ANDROID_NDK_HOME because support was removed after deprecation period.
C/C++: sdkFolder is C:\Users\arotiana.randrianaso\AppData\Local\Android\Sdk
C/C++: android.ndkVersion from module build.gradle is [27.1.12297006]
C/C++: android.ndkPath from module build.gradle is not set
C/C++: ndk.dir in local.properties is not set
C/C++: Not considering ANDROID_NDK_HOME because support was removed after deprecation period.
C/C++: sdkFolder is C:\Users\arotiana.randrianaso\AppData\Local\Android\Sdk
C/C++: android.ndkVersion from module build.gradle is [27.1.12297006]
C/C++: android.ndkPath from module build.gradle is not set
C/C++: ndk.dir in local.properties is not set
C/C++: Not considering ANDROID_NDK_HOME because support was removed after deprecation period.
C/C++: sdkFolder is C:\Users\arotiana.randrianaso\AppData\Local\Android\Sdk

> Configure project :
Evaluating root project 'SmartBaibolyYarn' using build file 'C:\Users\arotiana.randrianaso\MockProjects\SmartBaibolyYarn\android\build.gradle'.
Found project 'project :gradle-plugin:react-native-gradle-plugin' as substitute for module 'com.facebook.react:react-native-gradle-plugin'.
Ignoring listeners of task graph ready event, as this build (:gradle-plugin) has already executed work.

> Configure project :react-native-async-storage_async-storage
Evaluating project ':react-native-async-storage_async-storage' using build file 'C:\Users\arotiana.randrianaso\MockProjects\SmartBaibolyYarn\node_modules\@react-native-async-storage\async-storage\android\build.gradle'.
Using default execution profile
[AsyncStorage] Config used: {kotlinVersion=2.1.20, kspVersion=1.9.24-1.0.20, roomVersion=2.6.1, minSdkVersion=24, targetSdkVersion=36, compileSdkVersion=36, useNextStorage=false, databaseSizeMB=6, isNewArchitectureEnabled=true, useDedicatedExecutor=false}

> Configure project :react-native-fs
Evaluating project ':react-native-fs' using build file 'C:\Users\arotiana.randrianaso\MockProjects\SmartBaibolyYarn\node_modules\react-native-fs\android\build.gradle'.
Using default execution profile

> Configure project :react-native-gesture-handler
Evaluating project ':react-native-gesture-handler' using build file 'C:\Users\arotiana.randrianaso\MockProjects\SmartBaibolyYarn\node_modules\react-native-gesture-handler\android\build.gradle'.
Using default execution profile
Using Kotlin Gradle Plugin gradle85 variant
Starting process 'command 'node''. Working directory: C:\Users\arotiana.randrianaso\MockProjects\SmartBaibolyYarn\android Command: node --print require.resolve('react-native/package.json')
Successfully started process 'command 'node''
C/C++: android.ndkVersion from module build.gradle is [27.1.12297006]
C/C++: android.ndkPath from module build.gradle is not set
C/C++: ndk.dir in local.properties is not set
C/C++: Not considering ANDROID_NDK_HOME because support was removed after deprecation period.
C/C++: sdkFolder is C:\Users\arotiana.randrianaso\AppData\Local\Android\Sdk
C/C++: android.ndkVersion from module build.gradle is [27.1.12297006]
C/C++: android.ndkPath from module build.gradle is not set
C/C++: ndk.dir in local.properties is not set
C/C++: Not considering ANDROID_NDK_HOME because support was removed after deprecation period.
C/C++: sdkFolder is C:\Users\arotiana.randrianaso\AppData\Local\Android\Sdk
C/C++: android.ndkVersion from module build.gradle is [27.1.12297006]
C/C++: android.ndkPath from module build.gradle is not set
C/C++: ndk.dir in local.properties is not set
C/C++: Not considering ANDROID_NDK_HOME because support was removed after deprecation period.
C/C++: sdkFolder is C:\Users\arotiana.randrianaso\AppData\Local\Android\Sdk
C/C++: android.ndkVersion from module build.gradle is [27.1.12297006]
C/C++: android.ndkPath from module build.gradle is not set
C/C++: ndk.dir in local.properties is not set
C/C++: Not considering ANDROID_NDK_HOME because support was removed after deprecation period.
C/C++: sdkFolder is C:\Users\arotiana.randrianaso\AppData\Local\Android\Sdk
C/C++: android.ndkVersion from module build.gradle is [27.1.12297006]
C/C++: android.ndkPath from module build.gradle is not set
C/C++: ndk.dir in local.properties is not set
C/C++: Not considering ANDROID_NDK_HOME because support was removed after deprecation period.
C/C++: sdkFolder is C:\Users\arotiana.randrianaso\AppData\Local\Android\Sdk
C/C++: android.ndkVersion from module build.gradle is [27.1.12297006]
C/C++: android.ndkPath from module build.gradle is not set
C/C++: ndk.dir in local.properties is not set
C/C++: Not considering ANDROID_NDK_HOME because support was removed after deprecation period.
C/C++: sdkFolder is C:\Users\arotiana.randrianaso\AppData\Local\Android\Sdk
C/C++: android.ndkVersion from module build.gradle is [27.1.12297006]
C/C++: android.ndkPath from module build.gradle is not set
C/C++: ndk.dir in local.properties is not set
C/C++: Not considering ANDROID_NDK_HOME because support was removed after deprecation period.
C/C++: sdkFolder is C:\Users\arotiana.randrianaso\AppData\Local\Android\Sdk
C/C++: android.ndkVersion from module build.gradle is [27.1.12297006]
C/C++: android.ndkPath from module build.gradle is not set
C/C++: ndk.dir in local.properties is not set
C/C++: Not considering ANDROID_NDK_HOME because support was removed after deprecation period.
C/C++: sdkFolder is C:\Users\arotiana.randrianaso\AppData\Local\Android\Sdk
C/C++: android.ndkVersion from module build.gradle is [27.1.12297006]
C/C++: android.ndkPath from module build.gradle is not set
C/C++: ndk.dir in local.properties is not set
C/C++: Not considering ANDROID_NDK_HOME because support was removed after deprecation period.
C/C++: sdkFolder is C:\Users\arotiana.randrianaso\AppData\Local\Android\Sdk
C/C++: android.ndkVersion from module build.gradle is [27.1.12297006]
C/C++: android.ndkPath from module build.gradle is not set
C/C++: ndk.dir in local.properties is not set
C/C++: Not considering ANDROID_NDK_HOME because support was removed after deprecation period.
C/C++: sdkFolder is C:\Users\arotiana.randrianaso\AppData\Local\Android\Sdk
C/C++: android.ndkVersion from module build.gradle is [27.1.12297006]
C/C++: android.ndkPath from module build.gradle is not set
C/C++: ndk.dir in local.properties is not set
C/C++: Not considering ANDROID_NDK_HOME because support was removed after deprecation period.
C/C++: sdkFolder is C:\Users\arotiana.randrianaso\AppData\Local\Android\Sdk
C/C++: android.ndkVersion from module build.gradle is [27.1.12297006]
C/C++: android.ndkPath from module build.gradle is not set
C/C++: ndk.dir in local.properties is not set
C/C++: Not considering ANDROID_NDK_HOME because support was removed after deprecation period.
C/C++: sdkFolder is C:\Users\arotiana.randrianaso\AppData\Local\Android\Sdk
C/C++: android.ndkVersion from module build.gradle is [27.1.12297006]
C/C++: android.ndkPath from module build.gradle is not set
C/C++: ndk.dir in local.properties is not set
C/C++: Not considering ANDROID_NDK_HOME because support was removed after deprecation period.
C/C++: sdkFolder is C:\Users\arotiana.randrianaso\AppData\Local\Android\Sdk

> Configure project :react-native-quick-sqlite
Evaluating project ':react-native-quick-sqlite' using build file 'C:\Users\arotiana.randrianaso\MockProjects\SmartBaibolyYarn\node_modules\react-native-quick-sqlite\android\build.gradle'.
Using default execution profile
Using Kotlin Gradle Plugin gradle85 variant
C/C++: android.ndkVersion from module build.gradle is [27.1.12297006]
C/C++: android.ndkPath from module build.gradle is not set
C/C++: ndk.dir in local.properties is not set
C/C++: Not considering ANDROID_NDK_HOME because support was removed after deprecation period.
C/C++: sdkFolder is C:\Users\arotiana.randrianaso\AppData\Local\Android\Sdk
C/C++: android.ndkVersion from module build.gradle is [27.1.12297006]
C/C++: android.ndkPath from module build.gradle is not set
C/C++: ndk.dir in local.properties is not set
C/C++: Not considering ANDROID_NDK_HOME because support was removed after deprecation period.
C/C++: sdkFolder is C:\Users\arotiana.randrianaso\AppData\Local\Android\Sdk
C/C++: android.ndkVersion from module build.gradle is [27.1.12297006]
C/C++: android.ndkPath from module build.gradle is not set
C/C++: ndk.dir in local.properties is not set
C/C++: Not considering ANDROID_NDK_HOME because support was removed after deprecation period.
C/C++: sdkFolder is C:\Users\arotiana.randrianaso\AppData\Local\Android\Sdk
C/C++: android.ndkVersion from module build.gradle is [27.1.12297006]
C/C++: android.ndkPath from module build.gradle is not set
C/C++: ndk.dir in local.properties is not set
C/C++: Not considering ANDROID_NDK_HOME because support was removed after deprecation period.
C/C++: sdkFolder is C:\Users\arotiana.randrianaso\AppData\Local\Android\Sdk
C/C++: android.ndkVersion from module build.gradle is [27.1.12297006]
C/C++: android.ndkPath from module build.gradle is not set
C/C++: ndk.dir in local.properties is not set
C/C++: Not considering ANDROID_NDK_HOME because support was removed after deprecation period.
C/C++: sdkFolder is C:\Users\arotiana.randrianaso\AppData\Local\Android\Sdk
C/C++: android.ndkVersion from module build.gradle is [27.1.12297006]
C/C++: android.ndkPath from module build.gradle is not set
C/C++: ndk.dir in local.properties is not set
C/C++: Not considering ANDROID_NDK_HOME because support was removed after deprecation period.
C/C++: sdkFolder is C:\Users\arotiana.randrianaso\AppData\Local\Android\Sdk
C/C++: android.ndkVersion from module build.gradle is [27.1.12297006]
C/C++: android.ndkPath from module build.gradle is not set
C/C++: ndk.dir in local.properties is not set
C/C++: Not considering ANDROID_NDK_HOME because support was removed after deprecation period.
C/C++: sdkFolder is C:\Users\arotiana.randrianaso\AppData\Local\Android\Sdk
C/C++: android.ndkVersion from module build.gradle is [27.1.12297006]
C/C++: android.ndkPath from module build.gradle is not set
C/C++: ndk.dir in local.properties is not set
C/C++: Not considering ANDROID_NDK_HOME because support was removed after deprecation period.
C/C++: sdkFolder is C:\Users\arotiana.randrianaso\AppData\Local\Android\Sdk
C/C++: android.ndkVersion from module build.gradle is [27.1.12297006]
C/C++: android.ndkPath from module build.gradle is not set
C/C++: ndk.dir in local.properties is not set
C/C++: Not considering ANDROID_NDK_HOME because support was removed after deprecation period.
C/C++: sdkFolder is C:\Users\arotiana.randrianaso\AppData\Local\Android\Sdk
C/C++: android.ndkVersion from module build.gradle is [27.1.12297006]
C/C++: android.ndkPath from module build.gradle is not set
C/C++: ndk.dir in local.properties is not set
C/C++: Not considering ANDROID_NDK_HOME because support was removed after deprecation period.
C/C++: sdkFolder is C:\Users\arotiana.randrianaso\AppData\Local\Android\Sdk
C/C++: android.ndkVersion from module build.gradle is [27.1.12297006]
C/C++: android.ndkPath from module build.gradle is not set
C/C++: ndk.dir in local.properties is not set
C/C++: Not considering ANDROID_NDK_HOME because support was removed after deprecation period.
C/C++: sdkFolder is C:\Users\arotiana.randrianaso\AppData\Local\Android\Sdk
C/C++: android.ndkVersion from module build.gradle is [27.1.12297006]
C/C++: android.ndkPath from module build.gradle is not set
C/C++: ndk.dir in local.properties is not set
C/C++: Not considering ANDROID_NDK_HOME because support was removed after deprecation period.
C/C++: sdkFolder is C:\Users\arotiana.randrianaso\AppData\Local\Android\Sdk
C/C++: android.ndkVersion from module build.gradle is [27.1.12297006]
C/C++: android.ndkPath from module build.gradle is not set
C/C++: ndk.dir in local.properties is not set
C/C++: Not considering ANDROID_NDK_HOME because support was removed after deprecation period.
C/C++: sdkFolder is C:\Users\arotiana.randrianaso\AppData\Local\Android\Sdk

> Configure project :react-native-safe-area-context
Evaluating project ':react-native-safe-area-context' using build file 'C:\Users\arotiana.randrianaso\MockProjects\SmartBaibolyYarn\node_modules\react-native-safe-area-context\android\build.gradle'.
Using default execution profile
Using Kotlin Gradle Plugin gradle85 variant

> Configure project :react-native-screens
Evaluating project ':react-native-screens' using build file 'C:\Users\arotiana.randrianaso\MockProjects\SmartBaibolyYarn\node_modules\react-native-screens\android\build.gradle'.
Using default execution profile
Using Kotlin Gradle Plugin gradle85 variant
C/C++: android.ndkVersion from module build.gradle is [27.1.12297006]
C/C++: android.ndkPath from module build.gradle is not set
C/C++: ndk.dir in local.properties is not set
C/C++: Not considering ANDROID_NDK_HOME because support was removed after deprecation period.
C/C++: sdkFolder is C:\Users\arotiana.randrianaso\AppData\Local\Android\Sdk
C/C++: android.ndkVersion from module build.gradle is [27.1.12297006]
C/C++: android.ndkPath from module build.gradle is not set
C/C++: ndk.dir in local.properties is not set
C/C++: Not considering ANDROID_NDK_HOME because support was removed after deprecation period.
C/C++: sdkFolder is C:\Users\arotiana.randrianaso\AppData\Local\Android\Sdk
C/C++: android.ndkVersion from module build.gradle is [27.1.12297006]
C/C++: android.ndkPath from module build.gradle is not set
C/C++: ndk.dir in local.properties is not set
C/C++: Not considering ANDROID_NDK_HOME because support was removed after deprecation period.
C/C++: sdkFolder is C:\Users\arotiana.randrianaso\AppData\Local\Android\Sdk
C/C++: android.ndkVersion from module build.gradle is [27.1.12297006]
C/C++: android.ndkPath from module build.gradle is not set
C/C++: ndk.dir in local.properties is not set
C/C++: Not considering ANDROID_NDK_HOME because support was removed after deprecation period.
C/C++: sdkFolder is C:\Users\arotiana.randrianaso\AppData\Local\Android\Sdk
C/C++: android.ndkVersion from module build.gradle is [27.1.12297006]
C/C++: android.ndkPath from module build.gradle is not set
C/C++: ndk.dir in local.properties is not set
C/C++: Not considering ANDROID_NDK_HOME because support was removed after deprecation period.
C/C++: sdkFolder is C:\Users\arotiana.randrianaso\AppData\Local\Android\Sdk
C/C++: android.ndkVersion from module build.gradle is [27.1.12297006]
C/C++: android.ndkPath from module build.gradle is not set
C/C++: ndk.dir in local.properties is not set
C/C++: Not considering ANDROID_NDK_HOME because support was removed after deprecation period.
C/C++: sdkFolder is C:\Users\arotiana.randrianaso\AppData\Local\Android\Sdk
C/C++: android.ndkVersion from module build.gradle is [27.1.12297006]
C/C++: android.ndkPath from module build.gradle is not set
C/C++: ndk.dir in local.properties is not set
C/C++: Not considering ANDROID_NDK_HOME because support was removed after deprecation period.
C/C++: sdkFolder is C:\Users\arotiana.randrianaso\AppData\Local\Android\Sdk
C/C++: android.ndkVersion from module build.gradle is [27.1.12297006]
C/C++: android.ndkPath from module build.gradle is not set
C/C++: ndk.dir in local.properties is not set
C/C++: Not considering ANDROID_NDK_HOME because support was removed after deprecation period.
C/C++: sdkFolder is C:\Users\arotiana.randrianaso\AppData\Local\Android\Sdk
C/C++: android.ndkVersion from module build.gradle is [27.1.12297006]
C/C++: android.ndkPath from module build.gradle is not set
C/C++: ndk.dir in local.properties is not set
C/C++: Not considering ANDROID_NDK_HOME because support was removed after deprecation period.
C/C++: sdkFolder is C:\Users\arotiana.randrianaso\AppData\Local\Android\Sdk
C/C++: android.ndkVersion from module build.gradle is [27.1.12297006]
C/C++: android.ndkPath from module build.gradle is not set
C/C++: ndk.dir in local.properties is not set
C/C++: Not considering ANDROID_NDK_HOME because support was removed after deprecation period.
C/C++: sdkFolder is C:\Users\arotiana.randrianaso\AppData\Local\Android\Sdk
C/C++: android.ndkVersion from module build.gradle is [27.1.12297006]
C/C++: android.ndkPath from module build.gradle is not set
C/C++: ndk.dir in local.properties is not set
C/C++: Not considering ANDROID_NDK_HOME because support was removed after deprecation period.
C/C++: sdkFolder is C:\Users\arotiana.randrianaso\AppData\Local\Android\Sdk
C/C++: android.ndkVersion from module build.gradle is [27.1.12297006]
C/C++: android.ndkPath from module build.gradle is not set
C/C++: ndk.dir in local.properties is not set
C/C++: Not considering ANDROID_NDK_HOME because support was removed after deprecation period.
C/C++: sdkFolder is C:\Users\arotiana.randrianaso\AppData\Local\Android\Sdk
C/C++: android.ndkVersion from module build.gradle is [27.1.12297006]
C/C++: android.ndkPath from module build.gradle is not set
C/C++: ndk.dir in local.properties is not set
C/C++: Not considering ANDROID_NDK_HOME because support was removed after deprecation period.
C/C++: sdkFolder is C:\Users\arotiana.randrianaso\AppData\Local\Android\Sdk
All projects evaluated.
Task name matched 'assembleDebug'
Selected primary task 'assembleDebug' from project :
Adding -Xuse-inline-scopes-numbers Kotlin compiler flag for task :app:compileDebugKotlin
Tasks to be executed: [task ':app:generateAutolinkingNewArchitectureFiles', task ':app:generateAutolinkingPackageList', task ':app:generateCodegenSchemaFromJavaScript', task ':app:generateCodegenArtifactsFromSchema', task ':app:generateReactNativeEntryPoint', task ':react-native-async-storage_async-storage:generateCodegenSchemaFromJavaScript', task ':react-native-async-storage_async-storage:generateCodegenArtifactsFromSchema', task ':react-native-async-storage_async-storage:preBuild', task ':react-native-fs:preBuild', task ':react-native-gesture-handler:generateCodegenSchemaFromJavaScript', task ':react-native-gesture-handler:generateCodegenArtifactsFromSchema', task ':react-native-gesture-handler:preBuild', task ':react-native-quick-sqlite:generateCodegenSchemaFromJavaScript', task ':react-native-quick-sqlite:generateCodegenArtifactsFromSchema', task ':react-native-quick-sqlite:preBuild', task ':react-native-safe-area-context:generateCodegenSchemaFromJavaScript', task ':react-native-safe-area-context:generateCodegenArtifactsFromSchema', task ':react-native-safe-area-context:preBuild', task ':react-native-screens:generateCodegenSchemaFromJavaScript', task ':react-native-screens:generateCodegenArtifactsFromSchema', task ':react-native-screens:preBuild', task ':app:preBuild', task ':app:preDebugBuild', task ':app:mergeDebugNativeDebugMetadata', task ':app:checkKotlinGradlePluginConfigurationErrors', task ':app:generateDebugBuildConfig', task ':react-native-async-storage_async-storage:preDebugBuild', task ':react-native-async-storage_async-storage:writeDebugAarMetadata', task ':react-native-fs:preDebugBuild', task ':react-native-fs:writeDebugAarMetadata', task ':react-native-gesture-handler:preDebugBuild', task ':react-native-gesture-handler:writeDebugAarMetadata', task ':react-native-quick-sqlite:preDebugBuild', task ':react-native-quick-sqlite:writeDebugAarMetadata', task ':react-native-safe-area-context:preDebugBuild', task ':react-native-safe-area-context:writeDebugAarMetadata', task ':react-native-screens:preDebugBuild', task ':react-native-screens:writeDebugAarMetadata', task ':app:checkDebugAarMetadata', task ':app:generateDebugResValues', task ':react-native-async-storage_async-storage:generateDebugResValues', task ':react-native-async-storage_async-storage:generateDebugResources', task ':react-native-async-storage_async-storage:packageDebugResources', task ':react-native-fs:generateDebugResValues', task ':react-native-fs:generateDebugResources', task ':react-native-fs:packageDebugResources', task ':react-native-gesture-handler:generateDebugResValues', task ':react-native-gesture-handler:generateDebugResources', task ':react-native-gesture-handler:packageDebugResources', task ':react-native-quick-sqlite:generateDebugResValues', task ':react-native-quick-sqlite:generateDebugResources', task ':react-native-quick-sqlite:packageDebugResources', task ':react-native-safe-area-context:generateDebugResValues', task ':react-native-safe-area-context:generateDebugResources', task ':react-native-safe-area-context:packageDebugResources', task ':react-native-screens:generateDebugResValues', task ':react-native-screens:generateDebugResources', task ':react-native-screens:packageDebugResources', task ':app:mapDebugSourceSetPaths', task ':app:generateDebugResources', task ':app:mergeDebugResources', task ':app:packageDebugResources', task ':app:parseDebugLocalResources', task ':app:createDebugCompatibleScreenManifests', task ':app:extractDeepLinksDebug', task ':react-native-async-storage_async-storage:extractDeepLinksDebug', task ':react-native-async-storage_async-storage:processDebugManifest', task ':react-native-fs:extractDeepLinksDebug', task ':react-native-fs:processDebugManifest', task ':react-native-gesture-handler:extractDeepLinksDebug', task ':react-native-gesture-handler:processDebugManifest', task ':react-native-quick-sqlite:extractDeepLinksDebug', task ':react-native-quick-sqlite:processDebugManifest', task ':react-native-safe-area-context:extractDeepLinksDebug', task ':react-native-safe-area-context:processDebugManifest', task ':react-native-screens:extractDeepLinksDebug', task ':react-native-screens:processDebugManifest', task ':app:processDebugMainManifest', task ':app:processDebugManifest', task ':app:processDebugManifestForPackage', task ':react-native-async-storage_async-storage:compileDebugLibraryResources', task ':react-native-async-storage_async-storage:parseDebugLocalResources', task ':react-native-async-storage_async-storage:generateDebugRFile', task ':react-native-fs:compileDebugLibraryResources', task ':react-native-fs:parseDebugLocalResources', task ':react-native-fs:generateDebugRFile', task ':react-native-gesture-handler:compileDebugLibraryResources', task ':react-native-gesture-handler:parseDebugLocalResources', task ':react-native-gesture-handler:generateDebugRFile', task ':react-native-quick-sqlite:compileDebugLibraryResources', task ':react-native-quick-sqlite:parseDebugLocalResources', task ':react-native-quick-sqlite:generateDebugRFile', task ':react-native-safe-area-context:compileDebugLibraryResources', task ':react-native-safe-area-context:parseDebugLocalResources', task ':react-native-safe-area-context:generateDebugRFile', task ':react-native-screens:compileDebugLibraryResources', task ':react-native-screens:parseDebugLocalResources', task ':react-native-screens:generateDebugRFile', task ':app:processDebugResources', task ':react-native-async-storage_async-storage:generateDebugBuildConfig', task ':react-native-async-storage_async-storage:javaPreCompileDebug', task ':react-native-async-storage_async-storage:compileDebugJavaWithJavac', task ':react-native-async-storage_async-storage:bundleLibCompileToJarDebug', task ':react-native-fs:generateDebugBuildConfig', task ':react-native-fs:javaPreCompileDebug', task ':react-native-fs:compileDebugJavaWithJavac', task ':react-native-fs:bundleLibCompileToJarDebug', task ':react-native-gesture-handler:checkKotlinGradlePluginConfigurationErrors', task ':react-native-gesture-handler:generateDebugBuildConfig', task ':react-native-gesture-handler:compileDebugKotlin', task ':react-native-gesture-handler:javaPreCompileDebug', task ':react-native-gesture-handler:compileDebugJavaWithJavac', task ':react-native-gesture-handler:bundleLibCompileToJarDebug', task ':react-native-quick-sqlite:checkKotlinGradlePluginConfigurationErrors', task ':react-native-quick-sqlite:generateDebugBuildConfig', task ':react-native-quick-sqlite:compileDebugKotlin', task ':react-native-quick-sqlite:javaPreCompileDebug', task ':react-native-quick-sqlite:compileDebugJavaWithJavac', task ':react-native-quick-sqlite:bundleLibCompileToJarDebug', task ':react-native-safe-area-context:checkKotlinGradlePluginConfigurationErrors', task ':react-native-safe-area-context:generateDebugBuildConfig', task ':react-native-safe-area-context:compileDebugKotlin', task ':react-native-safe-area-context:javaPreCompileDebug', task ':react-native-safe-area-context:compileDebugJavaWithJavac', task ':react-native-safe-area-context:bundleLibCompileToJarDebug', task ':react-native-screens:checkKotlinGradlePluginConfigurationErrors', task ':react-native-screens:generateDebugBuildConfig', task ':react-native-screens:compileDebugKotlin', task ':react-native-screens:javaPreCompileDebug', task ':react-native-screens:compileDebugJavaWithJavac', task ':react-native-screens:bundleLibCompileToJarDebug', task ':app:compileDebugKotlin', task ':app:javaPreCompileDebug', task ':app:compileDebugJavaWithJavac', task ':app:mergeDebugShaders', task ':app:compileDebugShaders', task ':app:generateDebugAssets', task ':react-native-async-storage_async-storage:mergeDebugShaders', task ':react-native-async-storage_async-storage:compileDebugShaders', task ':react-native-async-storage_async-storage:generateDebugAssets', task ':react-native-async-storage_async-storage:mergeDebugAssets', task ':react-native-fs:mergeDebugShaders', task ':react-native-fs:compileDebugShaders', task ':react-native-fs:generateDebugAssets', task ':react-native-fs:mergeDebugAssets', task ':react-native-gesture-handler:mergeDebugShaders', task ':react-native-gesture-handler:compileDebugShaders', task ':react-native-gesture-handler:generateDebugAssets', task ':react-native-gesture-handler:mergeDebugAssets', task ':react-native-quick-sqlite:mergeDebugShaders', task ':react-native-quick-sqlite:compileDebugShaders', task ':react-native-quick-sqlite:generateDebugAssets', task ':react-native-quick-sqlite:mergeDebugAssets', task ':react-native-safe-area-context:mergeDebugShaders', task ':react-native-safe-area-context:compileDebugShaders', task ':react-native-safe-area-context:generateDebugAssets', task ':react-native-safe-area-context:mergeDebugAssets', task ':react-native-screens:mergeDebugShaders', task ':react-native-screens:compileDebugShaders', task ':react-native-screens:generateDebugAssets', task ':react-native-screens:mergeDebugAssets', task ':app:mergeDebugAssets', task ':app:compressDebugAssets', task ':react-native-gesture-handler:bundleLibRuntimeToJarDebug', task ':react-native-quick-sqlite:bundleLibRuntimeToJarDebug', task ':react-native-safe-area-context:bundleLibRuntimeToJarDebug', task ':react-native-screens:bundleLibRuntimeToJarDebug', task ':react-native-async-storage_async-storage:bundleLibRuntimeToJarDebug', task ':react-native-fs:bundleLibRuntimeToJarDebug', task ':app:desugarDebugFileDependencies', task ':app:dexBuilderDebug', task ':app:mergeDebugGlobalSynthetics', task ':app:processDebugJavaRes', task ':react-native-async-storage_async-storage:processDebugJavaRes', task ':react-native-fs:processDebugJavaRes', task ':react-native-gesture-handler:processDebugJavaRes', task ':react-native-quick-sqlite:processDebugJavaRes', task ':react-native-safe-area-context:processDebugJavaRes', task ':react-native-screens:processDebugJavaRes', task ':app:mergeDebugJavaResource', task ':app:checkDebugDuplicateClasses', task ':app:mergeExtDexDebug', task ':react-native-gesture-handler:bundleLibRuntimeToDirDebug', task ':react-native-quick-sqlite:bundleLibRuntimeToDirDebug', task ':react-native-safe-area-context:bundleLibRuntimeToDirDebug', task ':react-native-screens:bundleLibRuntimeToDirDebug', task ':react-native-async-storage_async-storage:bundleLibRuntimeToDirDebug', task ':react-native-fs:bundleLibRuntimeToDirDebug', task ':app:mergeLibDexDebug', task ':app:mergeProjectDexDebug', task ':app:configureCMakeDebug[arm64-v8a]', task ':app:buildCMakeDebug[arm64-v8a]', task ':app:configureCMakeDebug[armeabi-v7a]', task ':app:buildCMakeDebug[armeabi-v7a]', task ':app:configureCMakeDebug[x86]', task ':app:buildCMakeDebug[x86]', task ':app:configureCMakeDebug[x86_64]', task ':app:buildCMakeDebug[x86_64]', task ':app:mergeDebugJniLibFolders', task ':react-native-async-storage_async-storage:mergeDebugJniLibFolders', task ':react-native-async-storage_async-storage:mergeDebugNativeLibs', task ':react-native-async-storage_async-storage:copyDebugJniLibsProjectOnly', task ':react-native-fs:mergeDebugJniLibFolders', task ':react-native-fs:mergeDebugNativeLibs', task ':react-native-fs:copyDebugJniLibsProjectOnly', task ':react-native-gesture-handler:configureCMakeDebug[arm64-v8a]', task ':react-native-gesture-handler:buildCMakeDebug[arm64-v8a]', task ':react-native-gesture-handler:configureCMakeDebug[armeabi-v7a]', task ':react-native-gesture-handler:buildCMakeDebug[armeabi-v7a]', task ':react-native-gesture-handler:configureCMakeDebug[x86]', task ':react-native-gesture-handler:buildCMakeDebug[x86]', task ':react-native-gesture-handler:configureCMakeDebug[x86_64]', task ':react-native-gesture-handler:buildCMakeDebug[x86_64]', task ':react-native-gesture-handler:mergeDebugJniLibFolders', task ':react-native-gesture-handler:mergeDebugNativeLibs', task ':react-native-gesture-handler:copyDebugJniLibsProjectOnly', task ':react-native-quick-sqlite:configureCMakeDebug[arm64-v8a]', task ':react-native-quick-sqlite:buildCMakeDebug[arm64-v8a]', task ':react-native-quick-sqlite:configureCMakeDebug[armeabi-v7a]', task ':react-native-quick-sqlite:buildCMakeDebug[armeabi-v7a]', task ':react-native-quick-sqlite:configureCMakeDebug[x86]', task ':react-native-quick-sqlite:buildCMakeDebug[x86]', task ':react-native-quick-sqlite:configureCMakeDebug[x86_64]', task ':react-native-quick-sqlite:buildCMakeDebug[x86_64]', task ':react-native-quick-sqlite:mergeDebugJniLibFolders', task ':react-native-quick-sqlite:mergeDebugNativeLibs', task ':react-native-quick-sqlite:copyDebugJniLibsProjectOnly', task ':react-native-safe-area-context:mergeDebugJniLibFolders', task ':react-native-safe-area-context:mergeDebugNativeLibs', task ':react-native-safe-area-context:copyDebugJniLibsProjectOnly', task ':react-native-screens:configureCMakeDebug[arm64-v8a]', task ':react-native-screens:buildCMakeDebug[arm64-v8a]', task ':react-native-screens:configureCMakeDebug[armeabi-v7a]', task ':react-native-screens:buildCMakeDebug[armeabi-v7a]', task ':react-native-screens:configureCMakeDebug[x86]', task ':react-native-screens:buildCMakeDebug[x86]', task ':react-native-screens:configureCMakeDebug[x86_64]', task ':react-native-screens:buildCMakeDebug[x86_64]', task ':react-native-screens:mergeDebugJniLibFolders', task ':react-native-screens:mergeDebugNativeLibs', task ':react-native-screens:copyDebugJniLibsProjectOnly', task ':app:mergeDebugNativeLibs', task ':app:stripDebugDebugSymbols', task ':app:validateSigningDebug', task ':app:writeDebugAppMetadata', task ':app:writeDebugSigningConfigVersions', task ':app:packageDebug', task ':app:createDebugApkListingFileRedirect', task ':app:assembleDebug', task ':react-native-async-storage_async-storage:stripDebugDebugSymbols', task ':react-native-async-storage_async-storage:copyDebugJniLibsProjectAndLocalJars', task ':react-native-async-storage_async-storage:extractDebugAnnotations', task ':react-native-async-storage_async-storage:extractDeepLinksForAarDebug', task ':react-native-async-storage_async-storage:mergeDebugGeneratedProguardFiles', task ':react-native-async-storage_async-storage:mergeDebugConsumerProguardFiles', task ':react-native-async-storage_async-storage:prepareDebugArtProfile', task ':react-native-async-storage_async-storage:prepareLintJarForPublish', task ':react-native-async-storage_async-storage:mergeDebugJavaResource', task ':react-native-async-storage_async-storage:syncDebugLibJars', task ':react-native-async-storage_async-storage:bundleDebugAar', task ':react-native-async-storage_async-storage:assembleDebug', task ':react-native-fs:stripDebugDebugSymbols', task ':react-native-fs:copyDebugJniLibsProjectAndLocalJars', task ':react-native-fs:extractDebugAnnotations', task ':react-native-fs:extractDeepLinksForAarDebug', task ':react-native-fs:mergeDebugGeneratedProguardFiles', task ':react-native-fs:mergeDebugConsumerProguardFiles', task ':react-native-fs:prepareDebugArtProfile', task ':react-native-fs:prepareLintJarForPublish', task ':react-native-fs:mergeDebugJavaResource', task ':react-native-fs:syncDebugLibJars', task ':react-native-fs:bundleDebugAar', task ':react-native-fs:assembleDebug', task ':react-native-gesture-handler:stripDebugDebugSymbols', task ':react-native-gesture-handler:copyDebugJniLibsProjectAndLocalJars', task ':react-native-gesture-handler:extractDebugAnnotations', task ':react-native-gesture-handler:extractDeepLinksForAarDebug', task ':react-native-gesture-handler:mergeDebugGeneratedProguardFiles', task ':react-native-gesture-handler:mergeDebugConsumerProguardFiles', task ':react-native-gesture-handler:prepareDebugArtProfile', task ':react-native-gesture-handler:prepareLintJarForPublish', task ':react-native-gesture-handler:mergeDebugJavaResource', task ':react-native-gesture-handler:syncDebugLibJars', task ':react-native-gesture-handler:bundleDebugAar', task ':react-native-gesture-handler:assembleDebug', task ':react-native-quick-sqlite:stripDebugDebugSymbols', task ':react-native-quick-sqlite:copyDebugJniLibsProjectAndLocalJars', task ':react-native-quick-sqlite:extractDebugAnnotations', task ':react-native-quick-sqlite:extractDeepLinksForAarDebug', task ':react-native-quick-sqlite:mergeDebugGeneratedProguardFiles', task ':react-native-quick-sqlite:mergeDebugConsumerProguardFiles', task ':react-native-quick-sqlite:prepareDebugArtProfile', task ':react-native-quick-sqlite:prepareLintJarForPublish', task ':react-native-quick-sqlite:mergeDebugJavaResource', task ':react-native-quick-sqlite:syncDebugLibJars', task ':react-native-quick-sqlite:bundleDebugAar', task ':react-native-quick-sqlite:assembleDebug', task ':react-native-safe-area-context:stripDebugDebugSymbols', task ':react-native-safe-area-context:copyDebugJniLibsProjectAndLocalJars', task ':react-native-safe-area-context:extractDebugAnnotations', task ':react-native-safe-area-context:extractDeepLinksForAarDebug', task ':react-native-safe-area-context:mergeDebugGeneratedProguardFiles', task ':react-native-safe-area-context:mergeDebugConsumerProguardFiles', task ':react-native-safe-area-context:prepareDebugArtProfile', task ':react-native-safe-area-context:prepareLintJarForPublish', task ':react-native-safe-area-context:mergeDebugJavaResource', task ':react-native-safe-area-context:syncDebugLibJars', task ':react-native-safe-area-context:bundleDebugAar', task ':react-native-safe-area-context:assembleDebug', task ':react-native-screens:stripDebugDebugSymbols', task ':react-native-screens:copyDebugJniLibsProjectAndLocalJars', task ':react-native-screens:extractDebugAnnotations', task ':react-native-screens:extractDeepLinksForAarDebug', task ':react-native-screens:mergeDebugGeneratedProguardFiles', task ':react-native-screens:mergeDebugConsumerProguardFiles', task ':react-native-screens:prepareDebugArtProfile', task ':react-native-screens:prepareLintJarForPublish', task ':react-native-screens:mergeDebugJavaResource', task ':react-native-screens:syncDebugLibJars', task ':react-native-screens:bundleDebugAar', task ':react-native-screens:assembleDebug']
Tasks that were excluded: []
work action Parameters of IdentityTransform (Thread[Execution worker Thread 2,5,main]) started.
work action Parameters of DexingNoClasspathTransform (Thread[Execution worker Thread 2,5,main]) started.
work action Parameters of DexingOutputSplitTransform (Thread[Execution worker Thread 2,5,main]) started.
work action Parameters of ClassesDirToClassesTransform (Thread[Execution worker Thread 2,5,main]) started.
work action Parameters of DexingOutputSplitTransform (Thread[Execution worker Thread 10,5,main]) started.
Resolve mutations for :app:generateAutolinkingNewArchitectureFiles (Thread[included builds,5,main]) started.
:app:generateAutolinkingNewArchitectureFiles (Thread[included builds,5,main]) started.

> Task :app:generateAutolinkingNewArchitectureFiles UP-TO-DATE
Caching disabled for task ':app:generateAutolinkingNewArchitectureFiles' because:
  Build cache is disabled
  Caching has not been enabled for the task
Skipping task ':app:generateAutolinkingNewArchitectureFiles' as it is up-to-date.
Resolve mutations for :app:generateAutolinkingPackageList (Thread[included builds,5,main]) started.
:app:generateAutolinkingPackageList (Thread[included builds,5,main]) started.

> Task :app:generateAutolinkingPackageList UP-TO-DATE
Caching disabled for task ':app:generateAutolinkingPackageList' because:
  Build cache is disabled
  Caching has not been enabled for the task
Skipping task ':app:generateAutolinkingPackageList' as it is up-to-date.
Resolve mutations for :app:generateCodegenSchemaFromJavaScript (Thread[included builds,5,main]) started.
:app:generateCodegenSchemaFromJavaScript (Thread[included builds,5,main]) started.

> Task :app:generateCodegenSchemaFromJavaScript SKIPPED
Skipping task ':app:generateCodegenSchemaFromJavaScript' as task onlyIf 'Task satisfies onlyIf spec' is false.
Resolve mutations for :app:generateCodegenArtifactsFromSchema (Thread[included builds,5,main]) started.
:app:generateCodegenArtifactsFromSchema (Thread[included builds,5,main]) started.

> Task :app:generateCodegenArtifactsFromSchema SKIPPED
Skipping task ':app:generateCodegenArtifactsFromSchema' as task onlyIf 'Task satisfies onlyIf spec' is false.
Resolve mutations for :app:generateReactNativeEntryPoint (Thread[Execution worker Thread 17,5,main]) started.
:app:generateReactNativeEntryPoint (Thread[Execution worker Thread 17,5,main]) started.

> Task :app:generateReactNativeEntryPoint UP-TO-DATE
Caching disabled for task ':app:generateReactNativeEntryPoint' because:
  Build cache is disabled
  Caching has not been enabled for the task
Skipping task ':app:generateReactNativeEntryPoint' as it is up-to-date.
Resolve mutations for :react-native-async-storage_async-storage:generateCodegenSchemaFromJavaScript (Thread[Execution worker Thread 17,5,main]) started.
:react-native-async-storage_async-storage:generateCodegenSchemaFromJavaScript (Thread[Execution worker Thread 17,5,main]) started.

> Task :react-native-async-storage_async-storage:generateCodegenSchemaFromJavaScript UP-TO-DATE
Caching disabled for task ':react-native-async-storage_async-storage:generateCodegenSchemaFromJavaScript' because:
  Build cache is disabled
  Caching has not been enabled for the task
Skipping task ':react-native-async-storage_async-storage:generateCodegenSchemaFromJavaScript' as it is up-to-date.
Resolve mutations for :react-native-async-storage_async-storage:generateCodegenArtifactsFromSchema (Thread[Execution worker Thread 17,5,main]) started.
:react-native-async-storage_async-storage:generateCodegenArtifactsFromSchema (Thread[Execution worker Thread 17,5,main]) started.

> Task :react-native-async-storage_async-storage:generateCodegenArtifactsFromSchema UP-TO-DATE
Caching disabled for task ':react-native-async-storage_async-storage:generateCodegenArtifactsFromSchema' because:
  Build cache is disabled
  Caching has not been enabled for the task
Skipping task ':react-native-async-storage_async-storage:generateCodegenArtifactsFromSchema' as it is up-to-date.
Resolve mutations for :react-native-async-storage_async-storage:preBuild (Thread[Execution worker Thread 17,5,main]) started.
:react-native-async-storage_async-storage:preBuild (Thread[Execution worker Thread 2,5,main]) started.

> Task :react-native-async-storage_async-storage:preBuild UP-TO-DATE
Skipping task ':react-native-async-storage_async-storage:preBuild' as it has no actions.
Resolve mutations for :react-native-fs:preBuild (Thread[Execution worker Thread 7,5,main]) started.
:react-native-fs:preBuild (Thread[Execution worker Thread 2,5,main]) started.

> Task :react-native-fs:preBuild UP-TO-DATE
Skipping task ':react-native-fs:preBuild' as it has no actions.
Resolve mutations for :react-native-gesture-handler:generateCodegenSchemaFromJavaScript (Thread[Execution worker Thread 2,5,main]) started.
:react-native-gesture-handler:generateCodegenSchemaFromJavaScript (Thread[Execution worker Thread 2,5,main]) started.

> Task :react-native-gesture-handler:generateCodegenSchemaFromJavaScript UP-TO-DATE
Caching disabled for task ':react-native-gesture-handler:generateCodegenSchemaFromJavaScript' because:
  Build cache is disabled
  Caching has not been enabled for the task
Skipping task ':react-native-gesture-handler:generateCodegenSchemaFromJavaScript' as it is up-to-date.
Resolve mutations for :react-native-gesture-handler:generateCodegenArtifactsFromSchema (Thread[Execution worker Thread 2,5,main]) started.
:react-native-gesture-handler:generateCodegenArtifactsFromSchema (Thread[Execution worker Thread 2,5,main]) started.

> Task :react-native-gesture-handler:generateCodegenArtifactsFromSchema UP-TO-DATE
Caching disabled for task ':react-native-gesture-handler:generateCodegenArtifactsFromSchema' because:
  Build cache is disabled
  Caching has not been enabled for the task
Skipping task ':react-native-gesture-handler:generateCodegenArtifactsFromSchema' as it is up-to-date.
Resolve mutations for :react-native-gesture-handler:preBuild (Thread[Execution worker Thread 2,5,main]) started.
:react-native-gesture-handler:preBuild (Thread[Execution worker Thread 9,5,main]) started.

> Task :react-native-gesture-handler:preBuild UP-TO-DATE
Skipping task ':react-native-gesture-handler:preBuild' as it has no actions.
Resolve mutations for :react-native-quick-sqlite:generateCodegenSchemaFromJavaScript (Thread[Execution worker Thread 9,5,main]) started.
:react-native-quick-sqlite:generateCodegenSchemaFromJavaScript (Thread[Execution worker Thread 9,5,main]) started.

> Task :react-native-quick-sqlite:generateCodegenSchemaFromJavaScript UP-TO-DATE
Caching disabled for task ':react-native-quick-sqlite:generateCodegenSchemaFromJavaScript' because:
  Build cache is disabled
  Caching has not been enabled for the task
Skipping task ':react-native-quick-sqlite:generateCodegenSchemaFromJavaScript' as it is up-to-date.
Resolve mutations for :react-native-quick-sqlite:generateCodegenArtifactsFromSchema (Thread[Execution worker Thread 9,5,main]) started.
:react-native-quick-sqlite:generateCodegenArtifactsFromSchema (Thread[Execution worker Thread 9,5,main]) started.

> Task :react-native-quick-sqlite:generateCodegenArtifactsFromSchema UP-TO-DATE
Caching disabled for task ':react-native-quick-sqlite:generateCodegenArtifactsFromSchema' because:
  Build cache is disabled
  Caching has not been enabled for the task
Skipping task ':react-native-quick-sqlite:generateCodegenArtifactsFromSchema' as it is up-to-date.
Resolve mutations for :react-native-quick-sqlite:preBuild (Thread[Execution worker Thread 9,5,main]) started.
:react-native-quick-sqlite:preBuild (Thread[Execution worker Thread 9,5,main]) started.

> Task :react-native-quick-sqlite:preBuild UP-TO-DATE
Skipping task ':react-native-quick-sqlite:preBuild' as it has no actions.
Resolve mutations for :react-native-safe-area-context:generateCodegenSchemaFromJavaScript (Thread[Execution worker Thread 9,5,main]) started.
:react-native-safe-area-context:generateCodegenSchemaFromJavaScript (Thread[Execution worker Thread 9,5,main]) started.

> Task :react-native-safe-area-context:generateCodegenSchemaFromJavaScript UP-TO-DATE
Caching disabled for task ':react-native-safe-area-context:generateCodegenSchemaFromJavaScript' because:
  Build cache is disabled
  Caching has not been enabled for the task
Skipping task ':react-native-safe-area-context:generateCodegenSchemaFromJavaScript' as it is up-to-date.
Resolve mutations for :react-native-safe-area-context:generateCodegenArtifactsFromSchema (Thread[Execution worker Thread 9,5,main]) started.
:react-native-safe-area-context:generateCodegenArtifactsFromSchema (Thread[Execution worker Thread 14,5,main]) started.

> Task :react-native-safe-area-context:generateCodegenArtifactsFromSchema UP-TO-DATE
Caching disabled for task ':react-native-safe-area-context:generateCodegenArtifactsFromSchema' because:
  Build cache is disabled
  Caching has not been enabled for the task
Skipping task ':react-native-safe-area-context:generateCodegenArtifactsFromSchema' as it is up-to-date.
Resolve mutations for :react-native-safe-area-context:preBuild (Thread[Execution worker Thread 14,5,main]) started.
:react-native-safe-area-context:preBuild (Thread[Execution worker Thread 14,5,main]) started.

> Task :react-native-safe-area-context:preBuild UP-TO-DATE
Skipping task ':react-native-safe-area-context:preBuild' as it has no actions.
Resolve mutations for :react-native-screens:generateCodegenSchemaFromJavaScript (Thread[Execution worker Thread 14,5,main]) started.
:react-native-screens:generateCodegenSchemaFromJavaScript (Thread[Execution worker Thread 14,5,main]) started.

> Task :react-native-screens:generateCodegenSchemaFromJavaScript UP-TO-DATE
Caching disabled for task ':react-native-screens:generateCodegenSchemaFromJavaScript' because:
  Build cache is disabled
  Caching has not been enabled for the task
Skipping task ':react-native-screens:generateCodegenSchemaFromJavaScript' as it is up-to-date.
Resolve mutations for :react-native-screens:generateCodegenArtifactsFromSchema (Thread[Execution worker Thread 14,5,main]) started.
:react-native-screens:generateCodegenArtifactsFromSchema (Thread[Execution worker Thread 14,5,main]) started.

> Task :react-native-screens:generateCodegenArtifactsFromSchema UP-TO-DATE
Caching disabled for task ':react-native-screens:generateCodegenArtifactsFromSchema' because:
  Build cache is disabled
  Caching has not been enabled for the task
Skipping task ':react-native-screens:generateCodegenArtifactsFromSchema' as it is up-to-date.
Resolve mutations for :react-native-screens:preBuild (Thread[Execution worker Thread 14,5,main]) started.
:react-native-screens:preBuild (Thread[Execution worker,5,main]) started.

> Task :react-native-screens:preBuild UP-TO-DATE
Skipping task ':react-native-screens:preBuild' as it has no actions.
Resolve mutations for :app:preBuild (Thread[Execution worker,5,main]) started.
:app:preBuild (Thread[Execution worker Thread 3,5,main]) started.

> Task :app:preBuild UP-TO-DATE
Skipping task ':app:preBuild' as it has no actions.
Resolve mutations for :app:preDebugBuild (Thread[Execution worker Thread 10,5,main]) started.
:app:preDebugBuild (Thread[Execution worker Thread 3,5,main]) started.

> Task :app:preDebugBuild UP-TO-DATE
Skipping task ':app:preDebugBuild' as it has no actions.
Resolve mutations for :app:mergeDebugNativeDebugMetadata (Thread[Execution worker Thread 3,5,main]) started.
:app:mergeDebugNativeDebugMetadata (Thread[Execution worker Thread 3,5,main]) started.

> Task :app:mergeDebugNativeDebugMetadata NO-SOURCE
Skipping task ':app:mergeDebugNativeDebugMetadata' as it has no source files and no previous output files.
Resolve mutations for :app:checkKotlinGradlePluginConfigurationErrors (Thread[Execution worker Thread 3,5,main]) started.
:app:checkKotlinGradlePluginConfigurationErrors (Thread[Execution worker Thread 6,5,main]) started.

> Task :app:checkKotlinGradlePluginConfigurationErrors SKIPPED
Skipping task ':app:checkKotlinGradlePluginConfigurationErrors' as task onlyIf 'errorDiagnostics are present' is false.
Resolve mutations for :app:generateDebugBuildConfig (Thread[Execution worker Thread 6,5,main]) started.
:app:generateDebugBuildConfig (Thread[Execution worker Thread 6,5,main]) started.

> Task :app:generateDebugBuildConfig UP-TO-DATE
Caching disabled for task ':app:generateDebugBuildConfig' because:
  Build cache is disabled
Skipping task ':app:generateDebugBuildConfig' as it is up-to-date.
Resolve mutations for :react-native-async-storage_async-storage:preDebugBuild (Thread[Execution worker Thread 6,5,main]) started.
:react-native-async-storage_async-storage:preDebugBuild (Thread[Execution worker Thread 6,5,main]) started.

> Task :react-native-async-storage_async-storage:preDebugBuild UP-TO-DATE
Skipping task ':react-native-async-storage_async-storage:preDebugBuild' as it has no actions.
Resolve mutations for :react-native-async-storage_async-storage:writeDebugAarMetadata (Thread[Execution worker Thread 6,5,main]) started.
:react-native-async-storage_async-storage:writeDebugAarMetadata (Thread[Execution worker Thread 6,5,main]) started.

> Task :react-native-async-storage_async-storage:writeDebugAarMetadata UP-TO-DATE
Caching disabled for task ':react-native-async-storage_async-storage:writeDebugAarMetadata' because:
  Build cache is disabled
  Caching has been disabled for the task
Skipping task ':react-native-async-storage_async-storage:writeDebugAarMetadata' as it is up-to-date.
work action resolve aar-metadata.properties (project :react-native-async-storage_async-storage) (Thread[Execution worker Thread 6,5,main]) started.
Resolve mutations for :react-native-fs:preDebugBuild (Thread[Execution worker Thread 6,5,main]) started.
:react-native-fs:preDebugBuild (Thread[Execution worker Thread 6,5,main]) started.

> Task :react-native-fs:preDebugBuild UP-TO-DATE
Skipping task ':react-native-fs:preDebugBuild' as it has no actions.
Resolve mutations for :react-native-fs:writeDebugAarMetadata (Thread[Execution worker Thread 6,5,main]) started.
:react-native-fs:writeDebugAarMetadata (Thread[Execution worker Thread 4,5,main]) started.

> Task :react-native-fs:writeDebugAarMetadata UP-TO-DATE
Caching disabled for task ':react-native-fs:writeDebugAarMetadata' because:
  Build cache is disabled
  Caching has been disabled for the task
Skipping task ':react-native-fs:writeDebugAarMetadata' as it is up-to-date.
work action resolve aar-metadata.properties (project :react-native-fs) (Thread[Execution worker Thread 4,5,main]) started.
Resolve mutations for :react-native-gesture-handler:preDebugBuild (Thread[Execution worker Thread 4,5,main]) started.
:react-native-gesture-handler:preDebugBuild (Thread[Execution worker Thread 4,5,main]) started.

> Task :react-native-gesture-handler:preDebugBuild UP-TO-DATE
Skipping task ':react-native-gesture-handler:preDebugBuild' as it has no actions.
Resolve mutations for :react-native-gesture-handler:writeDebugAarMetadata (Thread[Execution worker Thread 4,5,main]) started.
:react-native-gesture-handler:writeDebugAarMetadata (Thread[Execution worker Thread 7,5,main]) started.

> Task :react-native-gesture-handler:writeDebugAarMetadata UP-TO-DATE
Caching disabled for task ':react-native-gesture-handler:writeDebugAarMetadata' because:
  Build cache is disabled
  Caching has been disabled for the task
Skipping task ':react-native-gesture-handler:writeDebugAarMetadata' as it is up-to-date.
work action resolve aar-metadata.properties (project :react-native-gesture-handler) (Thread[Execution worker Thread 7,5,main]) started.
Resolve mutations for :react-native-quick-sqlite:preDebugBuild (Thread[Execution worker Thread 7,5,main]) started.
:react-native-quick-sqlite:preDebugBuild (Thread[Execution worker Thread 7,5,main]) started.

> Task :react-native-quick-sqlite:preDebugBuild UP-TO-DATE
Skipping task ':react-native-quick-sqlite:preDebugBuild' as it has no actions.
Resolve mutations for :react-native-quick-sqlite:writeDebugAarMetadata (Thread[Execution worker Thread 7,5,main]) started.
:react-native-quick-sqlite:writeDebugAarMetadata (Thread[Execution worker Thread 7,5,main]) started.

> Task :react-native-quick-sqlite:writeDebugAarMetadata UP-TO-DATE
Caching disabled for task ':react-native-quick-sqlite:writeDebugAarMetadata' because:
  Build cache is disabled
  Caching has been disabled for the task
Skipping task ':react-native-quick-sqlite:writeDebugAarMetadata' as it is up-to-date.
work action resolve aar-metadata.properties (project :react-native-quick-sqlite) (Thread[Execution worker Thread 7,5,main]) started.
Resolve mutations for :react-native-safe-area-context:preDebugBuild (Thread[Execution worker Thread 7,5,main]) started.
:react-native-safe-area-context:preDebugBuild (Thread[Execution worker Thread 7,5,main]) started.

> Task :react-native-safe-area-context:preDebugBuild UP-TO-DATE
Skipping task ':react-native-safe-area-context:preDebugBuild' as it has no actions.
Resolve mutations for :react-native-safe-area-context:writeDebugAarMetadata (Thread[Execution worker Thread 7,5,main]) started.
:react-native-safe-area-context:writeDebugAarMetadata (Thread[Execution worker,5,main]) started.

> Task :react-native-safe-area-context:writeDebugAarMetadata UP-TO-DATE
Caching disabled for task ':react-native-safe-area-context:writeDebugAarMetadata' because:
  Build cache is disabled
  Caching has been disabled for the task
Skipping task ':react-native-safe-area-context:writeDebugAarMetadata' as it is up-to-date.
work action resolve aar-metadata.properties (project :react-native-safe-area-context) (Thread[Execution worker,5,main]) started.
Resolve mutations for :react-native-screens:preDebugBuild (Thread[Execution worker,5,main]) started.
:react-native-screens:preDebugBuild (Thread[Execution worker,5,main]) started.

> Task :react-native-screens:preDebugBuild UP-TO-DATE
Skipping task ':react-native-screens:preDebugBuild' as it has no actions.
Resolve mutations for :react-native-screens:writeDebugAarMetadata (Thread[Execution worker,5,main]) started.
:react-native-screens:writeDebugAarMetadata (Thread[Execution worker,5,main]) started.

> Task :react-native-screens:writeDebugAarMetadata UP-TO-DATE
Caching disabled for task ':react-native-screens:writeDebugAarMetadata' because:
  Build cache is disabled
  Caching has been disabled for the task
Skipping task ':react-native-screens:writeDebugAarMetadata' as it is up-to-date.
work action resolve aar-metadata.properties (project :react-native-screens) (Thread[Execution worker,5,main]) started.
Resolve mutations for :app:checkDebugAarMetadata (Thread[Execution worker,5,main]) started.
:app:checkDebugAarMetadata (Thread[Execution worker,5,main]) started.

> Task :app:checkDebugAarMetadata FAILED
Build ca38ea78-4527-4040-895e-efb480a7fb5c is closed
Build 988fcec4-f9cf-441d-8fc1-7a5e670c0ada is closed

[Incubating] Problems report is available at: file:///C:/Users/arotiana.randrianaso/MockProjects/SmartBaibolyYarn/android/build/reports/problems/problems-report.html

Deprecated Gradle features were used in this build, making it incompatible with Gradle 10.

You can use '--warning-mode all' to show the individual deprecation warnings and determine if they come from your own scripts or plugins.

For more on this, please refer to https://docs.gradle.org/9.0.0/userguide/command_line_interface.html#sec:command_line_warnings in the Gradle documentation.
31 actionable tasks: 1 executed, 30 up-to-date
Watched directory hierarchies: [C:\Users\arotiana.randrianaso\MockProjects\SmartBaibolyYarn\node_modules\@react-native\gradle-plugin, C:\Users\arotiana.randrianaso\MockProjects\SmartBaibolyYarn\android]
